[    0.000000] Initializing cgroup subsys cpuset
[    0.000000] Initializing cgroup subsys cpu
[    0.000000] Initializing cgroup subsys cpuacct
[    0.000000] Linux version 4.4.0-187-generic (buildd@lgw01-amd64-035) (gcc version 5.4.0 20160609 (Ubuntu 5.4.0-6ubuntu1~16.04.12) ) #217-Ubuntu SMP Tue Jul 21 04:18:15 UTC 2020 (Ubuntu 4.4.0-187.217-generic 4.4.230)
[    0.000000] Command line: BOOT_IMAGE=/boot/vmlinuz-4.4.0-187-generic root=LABEL=cloudimg-rootfs ro console=tty1 console=ttyS0
[    0.000000] KERNEL supported cpus:
[    0.000000]   Intel GenuineIntel
[    0.000000]   AMD AuthenticAMD
[    0.000000]   Centaur CentaurHauls
[    0.000000] x86/fpu: xstate_offset[2]:  576, xstate_sizes[2]:  256
[    0.000000] x86/fpu: Supporting XSAVE feature 0x01: 'x87 floating point registers'
[    0.000000] x86/fpu: Supporting XSAVE feature 0x02: 'SSE registers'
[    0.000000] x86/fpu: Supporting XSAVE feature 0x04: 'AVX registers'
[    0.000000] x86/fpu: Enabled xstate features 0x7, context size is 832 bytes, using 'standard' format.
[    0.000000] e820: BIOS-provided physical RAM map:
[    0.000000] BIOS-e820: [mem 0x0000000000000000-0x000000000009fbff] usable
[    0.000000] BIOS-e820: [mem 0x000000000009fc00-0x000000000009ffff] reserved
[    0.000000] BIOS-e820: [mem 0x00000000000f0000-0x00000000000fffff] reserved
[    0.000000] BIOS-e820: [mem 0x0000000000100000-0x000000003ffeffff] usable
[    0.000000] BIOS-e820: [mem 0x000000003fff0000-0x000000003fffffff] ACPI data
[    0.000000] BIOS-e820: [mem 0x00000000fec00000-0x00000000fec00fff] reserved
[    0.000000] BIOS-e820: [mem 0x00000000fee00000-0x00000000fee00fff] reserved
[    0.000000] BIOS-e820: [mem 0x00000000fffc0000-0x00000000ffffffff] reserved
[    0.000000] NX (Execute Disable) protection: active
[    0.000000] SMBIOS 2.5 present.
[    0.000000] Hypervisor detected: KVM
[    0.000000] e820: last_pfn = 0x3fff0 max_arch_pfn = 0x400000000
[    0.000000] MTRR: Disabled
[    0.000000] x86/PAT: MTRRs disabled, skipping PAT initialization too.
[    0.000000] CPU MTRRs all blank - virtualized system.
[    0.000000] x86/PAT: Configuration [0-7]: WB  WT  UC- UC  WB  WT  UC- UC  
[    0.000000] found SMP MP-table at [mem 0x0009fff0-0x0009ffff] mapped at [ffff88000009fff0]
[    0.000000] Scanning 1 areas for low memory corruption
[    0.000000] RAMDISK: [mem 0x362de000-0x37166fff]
[    0.000000] ACPI: Early table checksum verification disabled
[    0.000000] ACPI: RSDP 0x00000000000E0000 000024 (v02 VBOX  )
[    0.000000] ACPI: XSDT 0x000000003FFF0030 00003C (v01 VBOX   VBOXXSDT 00000001 ASL  00000061)
[    0.000000] ACPI: FACP 0x000000003FFF00F0 0000F4 (v04 VBOX   VBOXFACP 00000001 ASL  00000061)
[    0.000000] ACPI: DSDT 0x000000003FFF0470 0022EA (v02 VBOX   VBOXBIOS 00000002 INTL 20181213)
[    0.000000] ACPI: FACS 0x000000003FFF0200 000040
[    0.000000] ACPI: FACS 0x000000003FFF0200 000040
[    0.000000] ACPI: APIC 0x000000003FFF0240 00005C (v02 VBOX   VBOXAPIC 00000001 ASL  00000061)
[    0.000000] ACPI: SSDT 0x000000003FFF02A0 0001CC (v01 VBOX   VBOXCPUT 00000002 INTL 20181213)
[    0.000000] No NUMA configuration found
[    0.000000] Faking a node at [mem 0x0000000000000000-0x000000003ffeffff]
[    0.000000] NODE_DATA(0) allocated [mem 0x3ffeb000-0x3ffeffff]
[    0.000000] kvm-clock: Using msrs 4b564d01 and 4b564d00
[    0.000000] kvm-clock: cpu 0, msr 0:3ffe3001, primary cpu clock
[    0.000000] kvm-clock: using sched offset of 6366935189 cycles
[    0.000000] clocksource: kvm-clock: mask: 0xffffffffffffffff max_cycles: 0x1cd42e4dffb, max_idle_ns: 881590591483 ns
[    0.000000] Zone ranges:
[    0.000000]   DMA      [mem 0x0000000000001000-0x0000000000ffffff]
[    0.000000]   DMA32    [mem 0x0000000001000000-0x000000003ffeffff]
[    0.000000]   Normal   empty
[    0.000000]   Device   empty
[    0.000000] Movable zone start for each node
[    0.000000] Early memory node ranges
[    0.000000]   node   0: [mem 0x0000000000001000-0x000000000009efff]
[    0.000000]   node   0: [mem 0x0000000000100000-0x000000003ffeffff]
[    0.000000] Initmem setup node 0 [mem 0x0000000000001000-0x000000003ffeffff]
[    0.000000] ACPI: PM-Timer IO Port: 0x4008
[    0.000000] IOAPIC[0]: apic_id 2, version 32, address 0xfec00000, GSI 0-23
[    0.000000] ACPI: INT_SRC_OVR (bus 0 bus_irq 0 global_irq 2 dfl dfl)
[    0.000000] ACPI: INT_SRC_OVR (bus 0 bus_irq 9 global_irq 9 low level)
[    0.000000] Using ACPI (MADT) for SMP configuration information
[    0.000000] smpboot: Allowing 2 CPUs, 0 hotplug CPUs
[    0.000000] PM: Registered nosave memory: [mem 0x00000000-0x00000fff]
[    0.000000] PM: Registered nosave memory: [mem 0x0009f000-0x0009ffff]
[    0.000000] PM: Registered nosave memory: [mem 0x000a0000-0x000effff]
[    0.000000] PM: Registered nosave memory: [mem 0x000f0000-0x000fffff]
[    0.000000] e820: [mem 0x40000000-0xfebfffff] available for PCI devices
[    0.000000] Booting paravirtualized kernel on KVM
[    0.000000] clocksource: refined-jiffies: mask: 0xffffffff max_cycles: 0xffffffff, max_idle_ns: 7645519600211568 ns
[    0.000000] setup_percpu: NR_CPUS:512 nr_cpumask_bits:512 nr_cpu_ids:2 nr_node_ids:1
[    0.000000] PERCPU: Embedded 33 pages/cpu @ffff88003fc00000 s95512 r8192 d31464 u1048576
[    0.000000] Built 1 zonelists in Node order, mobility grouping on.  Total pages: 257912
[    0.000000] Policy zone: DMA32
[    0.000000] Kernel command line: BOOT_IMAGE=/boot/vmlinuz-4.4.0-187-generic root=LABEL=cloudimg-rootfs ro console=tty1 console=ttyS0
[    0.000000] PID hash table entries: 4096 (order: 3, 32768 bytes)
[    0.000000] Memory: 997660K/1048120K available (8636K kernel code, 1337K rwdata, 4040K rodata, 1492K init, 1296K bss, 50460K reserved, 0K cma-reserved)
[    0.000000] SLUB: HWalign=64, Order=0-3, MinObjects=0, CPUs=2, Nodes=1
[    0.000000] Kernel/User page tables isolation: enabled
[    0.000000] Hierarchical RCU implementation.
[    0.000000] 	Build-time adjustment of leaf fanout to 64.
[    0.000000] 	RCU restricting CPUs from NR_CPUS=512 to nr_cpu_ids=2.
[    0.000000] RCU: Adjusting geometry for rcu_fanout_leaf=64, nr_cpu_ids=2
[    0.000000] NR_IRQS:33024 nr_irqs:440 16
[    0.000000] Console: colour VGA+ 80x25
[    0.000000] console [tty1] enabled
[    0.000000] console [ttyS0] enabled
[    0.000000] tsc: Detected 2095.072 MHz processor
[    0.973057] Calibrating delay loop (skipped) preset value.. 4190.14 BogoMIPS (lpj=8380288)
[    0.988027] pid_max: default: 32768 minimum: 301
[    0.996345] ACPI: Core revision 20150930
[    1.004986] ACPI: 2 ACPI AML tables successfully acquired and loaded
[    1.016756] Security Framework initialized
[    1.024078] Yama: becoming mindful.
[    1.031051] AppArmor: AppArmor initialized
[    1.038122] Dentry cache hash table entries: 131072 (order: 8, 1048576 bytes)
[    1.050925] Inode-cache hash table entries: 65536 (order: 7, 524288 bytes)
[    1.061150] Mount-cache hash table entries: 2048 (order: 2, 16384 bytes)
[    1.070960] Mountpoint-cache hash table entries: 2048 (order: 2, 16384 bytes)
[    1.081754] Initializing cgroup subsys io
[    1.088501] Initializing cgroup subsys memory
[    1.095852] Initializing cgroup subsys devices
[    1.103230] Initializing cgroup subsys freezer
[    1.110600] Initializing cgroup subsys net_cls
[    1.118067] Initializing cgroup subsys perf_event
[    1.125451] Initializing cgroup subsys net_prio
[    1.132915] Initializing cgroup subsys hugetlb
[    1.140213] Initializing cgroup subsys pids
[    1.149109] mce: CPU supports 0 MCE banks
[    1.155896] Last level iTLB entries: 4KB 64, 2MB 8, 4MB 8
[    1.164218] Last level dTLB entries: 4KB 64, 2MB 0, 4MB 0, 1GB 4
[    1.173138] Spectre V1 : Mitigation: usercopy/swapgs barriers and __user pointer sanitization
[    1.186458] Spectre V2 : Mitigation: Full generic retpoline
[    1.194646] Spectre V2 : Spectre v2 / SpectreRSB mitigation: Filling RSB on context switch
[    1.207473] Speculative Store Bypass: Vulnerable
[    1.215243] MDS: Mitigation: Clear CPU buffers
[    1.254327] Freeing SMP alternatives memory: 36K
[    1.327968] ftrace: allocating 32337 entries in 127 pages
[    1.789305] smpboot: APIC(0) Converting physical 0 to logical package 0
[    1.798946] smpboot: Max logical packages: 1
[    1.807362] x2apic enabled
[    1.814320] Switched APIC routing to physical x2apic.
[    1.830269] ..TIMER: vector=0x30 apic1=0 pin1=2 apic2=-1 pin2=-1
[    1.947405] smpboot: CPU0: Intel(R) Xeon(R) Silver 4110 CPU @ 2.10GHz (family: 0x6, model: 0x55, stepping: 0x4)
[    1.963274] Performance Events: unsupported p6 CPU model 85 no PMU driver, software events only.
[    2.050085] KVM setup paravirtual spinlock
[    2.059485] x86: Booting SMP configuration:
[    2.066980] .... node  #0, CPUs:      #1
[    2.077264] kvm-clock: cpu 1, msr 0:3ffe3041, secondary cpu clock
[    2.092933] mce: CPU supports 0 MCE banks
[    2.099068] x86: Booted up 1 node, 2 CPUs
[    2.107571] smpboot: Total of 2 processors activated (8380.28 BogoMIPS)
[    2.120568] devtmpfs: initialized
[    2.129275] evm: security.selinux
[    2.135684] evm: security.SMACK64
[    2.142098] evm: security.SMACK64EXEC
[    2.148914] evm: security.SMACK64TRANSMUTE
[    2.156209] evm: security.SMACK64MMAP
[    2.162981] evm: security.ima
[    2.168964] evm: security.capability
[    2.176386] clocksource: jiffies: mask: 0xffffffff max_cycles: 0xffffffff, max_idle_ns: 7645041785100000 ns
[    2.192294] futex hash table entries: 512 (order: 3, 32768 bytes)
[    2.202132] pinctrl core: initialized pinctrl subsystem
[    2.210588] RTC time: 19:27:38, date: 08/26/20
[    2.218487] NET: Registered protocol family 16
[    2.236566] cpuidle: using governor ladder
[    2.260572] cpuidle: using governor menu
[    2.276714] PCCT header not found.
[    2.283385] ACPI: bus type PCI registered
[    2.290298] acpiphp: ACPI Hot Plug PCI Controller Driver version: 0.5
[    2.300669] PCI: Using configuration type 1 for base access
[    2.327015] ACPI: Added _OSI(Module Device)
[    2.341782] ACPI: Added _OSI(Processor Device)
[    2.350159] ACPI: Added _OSI(3.0 _SCP Extensions)
[    2.357382] ACPI: Added _OSI(Processor Aggregator Device)
[    2.368000] ACPI: Executed 1 blocks of module-level executable AML code
[    2.382891] ACPI: Interpreter enabled
[    2.389248] ACPI: (supports S0 S5)
[    2.395373] ACPI: Using IOAPIC for interrupt routing
[    2.403209] PCI: Using host bridge windows from ACPI; if necessary, use "pci=nocrs" and report a bug
[    2.426170] ACPI: PCI Root Bridge [PCI0] (domain 0000 [bus 00-ff])
[    2.435364] acpi PNP0A03:00: _OSC: OS supports [ASPM ClockPM Segments MSI]
[    2.445869] acpi PNP0A03:00: _OSC: not requesting OS control; OS requires [ExtendedConfig ASPM ClockPM MSI]
[    2.460180] acpi PNP0A03:00: fail to add MMCONFIG information, can't access extended PCI configuration space under this bridge.
[    2.477967] PCI host bridge to bus 0000:00
[    2.484658] pci_bus 0000:00: root bus resource [io  0x0000-0x0cf7 window]
[    2.494483] pci_bus 0000:00: root bus resource [io  0x0d00-0xffff window]
[    2.504190] pci_bus 0000:00: root bus resource [mem 0x000a0000-0x000bffff window]
[    2.516633] pci_bus 0000:00: root bus resource [mem 0x40000000-0xfdffffff window]
[    2.528964] pci_bus 0000:00: root bus resource [bus 00-ff]
[    2.549859] pci 0000:00:01.1: legacy IDE quirk: reg 0x10: [io  0x01f0-0x01f7]
[    2.559750] pci 0000:00:01.1: legacy IDE quirk: reg 0x14: [io  0x03f6]
[    2.569279] pci 0000:00:01.1: legacy IDE quirk: reg 0x18: [io  0x0170-0x0177]
[    2.579612] pci 0000:00:01.1: legacy IDE quirk: reg 0x1c: [io  0x0376]
[    2.935444] pci 0000:00:07.0: quirk: [io  0x4000-0x403f] claimed by PIIX4 ACPI
[    2.948793] pci 0000:00:07.0: quirk: [io  0x4100-0x410f] claimed by PIIX4 SMB
[    3.153667] ACPI: PCI Interrupt Link [LNKA] (IRQs 5 9 10 *11)
[    3.168553] ACPI: PCI Interrupt Link [LNKB] (IRQs 5 9 *10 11)
[    3.182801] ACPI: PCI Interrupt Link [LNKC] (IRQs 5 *9 10 11)
[    3.197070] ACPI: PCI Interrupt Link [LNKD] (IRQs 5 9 10 *11)
[    3.211874] ACPI: Enabled 2 GPEs in block 00 to 07
[    3.224943] vgaarb: setting as boot device: PCI:0000:00:02.0
[    3.234286] vgaarb: device added: PCI:0000:00:02.0,decodes=io+mem,owns=io+mem,locks=none
[    3.248553] vgaarb: loaded
[    3.254268] vgaarb: bridge control possible 0000:00:02.0
[    3.264583] SCSI subsystem initialized
[    3.274127] ACPI: bus type USB registered
[    3.281808] usbcore: registered new interface driver usbfs
[    3.291169] usbcore: registered new interface driver hub
[    3.300244] usbcore: registered new device driver usb
[    3.311202] PCI: Using ACPI for IRQ routing
[    3.321436] NetLabel: Initializing
[    3.328356] NetLabel:  domain hash size = 128
[    3.336615] NetLabel:  protocols = UNLABELED CIPSOv4
[    3.347090] NetLabel:  unlabeled traffic allowed by default
[    3.357513] amd_nb: Cannot enumerate AMD northbridges
[    3.367170] clocksource: Switched to clocksource kvm-clock
[    3.393389] AppArmor: AppArmor Filesystem Enabled
[    3.402121] pnp: PnP ACPI init
[    3.411786] pnp: PnP ACPI: found 3 devices
[    3.426694] clocksource: acpi_pm: mask: 0xffffff max_cycles: 0xffffff, max_idle_ns: 2085701024 ns
[    3.442546] NET: Registered protocol family 2
[    3.451771] TCP established hash table entries: 8192 (order: 4, 65536 bytes)
[    3.463513] TCP bind hash table entries: 8192 (order: 5, 131072 bytes)
[    3.474724] TCP: Hash tables configured (established 8192 bind 8192)
[    3.485661] UDP hash table entries: 512 (order: 2, 16384 bytes)
[    3.496015] UDP-Lite hash table entries: 512 (order: 2, 16384 bytes)
[    3.507073] NET: Registered protocol family 1
[    3.515572] pci 0000:00:00.0: Limiting direct PCI/PCI transfers
[    3.525994] pci 0000:00:01.0: Activating ISA DMA hang workarounds
[    3.537731] Unpacking initramfs...
[    3.928865] Freeing initrd memory: 14884K
[    3.936830] clocksource: tsc: mask: 0xffffffffffffffff max_cycles: 0x1e330161aef, max_idle_ns: 440795271217 ns
[    3.953644] platform rtc_cmos: registered platform RTC device (no PNP device found)
[    3.967983] Scanning for low memory corruption every 60 seconds
[    3.979975] audit: initializing netlink subsys (disabled)
[    3.989871] audit: type=2000 audit(1598470066.095:1): initialized
[    4.000717] Initialise system trusted keyring
[    4.009390] HugeTLB registered 2 MB page size, pre-allocated 0 pages
[    4.021395] zbud: loaded
[    4.028031] VFS: Disk quotas dquot_6.6.0
[    4.035100] VFS: Dquot-cache hash table entries: 512 (order 0, 4096 bytes)
[    4.046267] squashfs: version 4.0 (2009/01/31) Phillip Lougher
[    4.056669] fuse init (API version 7.23)
[    4.063872] Key type big_key registered
[    4.071123] Allocating IMA MOK and blacklist keyrings.
[    4.088389] Key type asymmetric registered
[    4.096382] Asymmetric key parser 'x509' registered
[    4.105157] Block layer SCSI generic (bsg) driver version 0.4 loaded (major 249)
[    4.119833] io scheduler noop registered
[    4.127055] io scheduler deadline registered (default)
[    4.135523] io scheduler cfq registered
[    4.142575] pci_hotplug: PCI Hot Plug PCI Core version: 0.5
[    4.151468] pciehp: PCI Express Hot Plug Controller Driver version: 0.4
[    4.162653] ACPI: AC Adapter [AC] (on-line)
[    4.170608] input: Power Button as /devices/LNXSYSTM:00/LNXPWRBN:00/input/input0
[    4.184000] ACPI: Power Button [PWRF]
[    4.191546] input: Sleep Button as /devices/LNXSYSTM:00/LNXSLPBN:00/input/input1
[    4.204693] ACPI: Sleep Button [SLPF]
[    4.212499] GHES: HEST is not enabled!
[    4.219984] Serial: 8250/16550 driver, 32 ports, IRQ sharing enabled
[    4.25733] 00:02: tyS0 at I/ 0x3f8 (ir = 4, basebaud = 11500) is a 1550A
[    4.279369] Linux agpgart interface v0.103
[    4.293441] loop: module loaded
[    4.302813] scsi host0: ata_piix
[    4.310048] scsi host1: ata_piix
[    4.316537] ata1: PATA max UDMA/33 cmd 0x1f0 ctl 0x3f6 bmdma 0xd000 irq 14
[    4.328139] ata2: PATA max UDMA/33 cmd 0x170 ctl 0x376 bmdma 0xd008 irq 15
[    4.339033] libphy: Fixed MDIO Bus: probed
[    4.347713] tun: Universal TUN/TAP device driver, 1.6
[    4.361260] tun: (C) 1999-2004 Max Krasnyansky <maxk@qualcomm.com>
[    4.371379] PPP generic driver version 2.4.2
[    4.379786] ehci_hcd: USB 2.0 'Enhanced' Host Controller (EHCI) Driver
[    4.390970] ehci-pci: EHCI PCI platform driver
[    4.399670] ehci-platform: EHCI generic platform driver
[    4.409222] ohci_hcd: USB 1.1 'Open' Host Controller (OHCI) Driver
[    4.420027] ohci-pci: OHCI PCI platform driver
[    4.428575] ohci-platform: OHCI generic platform driver
[    4.438411] uhci_hcd: USB Universal Host Controller Interface driver
[    4.449753] i8042: PNP: PS/2 Controller [PNP0303:PS2K,PNP0f03:PS2M] at 0x60,0x64 irq 1,12
[    4.468264] serio: i8042 KBD port at 0x60,0x64 irq 1
[    4.477511] serio: i8042 AUX port at 0x60,0x64 irq 12
[    4.487763] mousedev: PS/2 mouse device common for all mice
[    4.500650] input: AT Translated Set 2 keyboard as /devices/platform/i8042/serio0/input/input2
[    4.505597] rtc_cmos rtc_cmos: rtc core: registered rtc_cmos as rtc0
[    4.506122] rtc_cmos rtc_cmos: alarms up to one day, 114 bytes nvram
[    4.506131] i2c /dev entries driver
[    4.506279] device-mapper: uevent: version 1.0.3
[    4.506345] device-mapper: ioctl: 4.34.0-ioctl (2015-10-28) initialised: dm-devel@redhat.com
[    4.506367] ledtrig-cpu: registered to indicate activity on CPUs
[    4.577111] NET: Registered protocol family 10
[    4.578761] NET: Registered protocol family 17
[    4.578797] Key type dns_resolver registered
[    4.580417] registered taskstats version 1
[    4.580496] Loading compiled-in X.509 certificates
[    4.582305] Loaded X.509 cert 'Build time autogenerated kernel key: f06b7227f29f55afa9b8968d1b82289d30ebc7c3'
[    4.582344] zswap: loaded using pool lzo/zbud
[    4.588187] Key type trusted registered
[    4.593588] Key type encrypted registered
[    4.593598] AppArmor: AppArmor sha1 policy hashing enabled
[    4.593608] ima: No TPM chip found, activating TPM-bypass!
[    4.593615] ima: Allocated hash algorithm: sha1
[    4.593637] evm: HMAC attrs: 0x1
[    4.595529]   Magic number: 0:908:496
[    4.600287] rtc_cmos rtc_cmos: setting system clock to 2020-08-26 19:27:40 UTC (1598470060)
[    4.600415] BIOS EDD facility v0.16 2004-Jun-25, 0 devices found
[    4.600416] EDD information not available.
[    4.746327] Freeing unused kernel memory: 1492K
[    4.767379] Write protecting the kernel read-only data: 14336k
[    4.781503] Freeing unused kernel memory: 1592K
[    4.790054] Freeing unused kernel memory: 56K
Loading, please wait...
starting version 229
[    4.837497] random: systemd-udevd: uninitialized urandom read (16 bytes read, 5 bits of entropy available)
[    4.838592] random: udevadm: uninitialized urandom read (16 bytes read, 5 bits of entropy available)
[    4.838620] random: udevadm: uninitialized urandom read (16 bytes read, 5 bits of entropy available)
[    4.849552] random: udevadm: uninitialized urandom read (16 bytes read, 5 bits of entropy available)
[    4.849600] random: udevadm: uninitialized urandom read (16 bytes read, 5 bits of entropy available)
[    4.849745] random: udevadm: uninitialized urandom read (16 bytes read, 5 bits of entropy available)
[    4.849795] random: udevadm: uninitialized urandom read (16 bytes read, 5 bits of entropy available)
[    4.849860] random: udevadm: uninitialized urandom read (16 bytes read, 5 bits of entropy available)
[    4.849916] random: udevadm: uninitialized urandom read (16 bytes read, 5 bits of entropy available)
[    4.849980] random: udevadm: uninitialized urandom read (16 bytes read, 5 bits of entropy available)
[    5.050256] e1000: Intel(R) PRO/1000 Network Driver - version 7.3.21-k8-NAPI
[    5.062398] e1000: Copyright (c) 1999-2006 Intel Corporation.
[    5.075113] Fusion MPT base driver 3.04.20
[    5.082868] Copyright (c) 1999-2008 LSI Corporation
[    5.102039] Fusion MPT SPI Host driver 3.04.20
[    5.158967] AVX2 version of gcm_enc/dec engaged.
[    5.167474] AES CTR mode by8 optimization enabled
[    5.335591] input: ImExPS/2 Generic Explorer Mouse as /devices/platform/i8042/serio1/input/input4
[    5.914956] e1000 0000:00:03.0 eth0: (PCI:33MHz:32-bit) 02:98:c6:81:17:55
[    5.925433] e1000 0000:00:03.0 eth0: Intel(R) PRO/1000 Network Connection
[    6.733753] e1000 0000:00:08.0 eth1: (PCI:33MHz:32-bit) 08:00:27:e8:e2:08
[    6.744665] e1000 0000:00:08.0 eth1: Intel(R) PRO/1000 Network Connection
[    6.768945] e1000 0000:00:03.0 enp0s3: renamed from eth0
[    6.775551] mptbase: ioc0: Initiating bringup
[    6.803731] e1000 0000:00:08.0 enp0s8: renamed from eth1
[    6.837104] ioc0: LSI53C1030 A0: Capabilities={Initiator}
[    8.769801] scsi host2: ioc0: LSI53C1030 A0, FwRev=00000000h, Ports=1, MaxQ=256, IRQ=20
[    9.629842] scsi 2:0:0:0: Direct-Access     VBOX     HARDDISK         1.0  PQ: 0 ANSI: 5
[    9.647189] scsi target2:0:0: Beginning Domain Validation
[    9.662700] scsi target2:0:0: Domain Validation skipping write tests
[    9.673709] scsi target2:0:0: Ending Domain Validation
[    9.683169] scsi target2:0:0: asynchronous
[    9.694038] scsi 2:0:1:0: Direct-Access     VBOX     HARDDISK         1.0  PQ: 0 ANSI: 5
[    9.709241] scsi target2:0:1: Beginning Domain Validation
[    9.723175] scsi target2:0:1: Domain Validation skipping write tests
[    9.822634] scsi target2:0:1: Ending Domain Validation
[    9.832546] scsi target2:0:1: asynchronous
[    9.873321] sd 2:0:0:0: Attached scsi generic sg0 type 0
[    9.882435] sd 2:0:0:0: [sda] 20971520 512-byte logical blocks: (10.7 GB/10.0 GiB)
[    9.882964] sd 2:0:1:0: Attached scsi generic sg1 type 0
[    9.883693] sd 2:0:1:0: [sdb] 20480 512-byte logical blocks: (10.5 MB/10.0 MiB)
[    9.884253] sd 2:0:1:0: [sdb] Write Protect is off
[    9.884607] sd 2:0:1:0: [sdb] Incomplete mode parameter data
[    9.884608] sd 2:0:1:0: [sdb] Assuming drive cache: write through
[    9.889825] sd 2:0:1:0: [sdb] Attached SCSI disk
[    9.963894] sd 2:0:0:0: [sda] Write Protect is off
[    9.973770] sd 2:0:0:0: [sda] Incomplete mode parameter data
[    9.987001] sd 2:0:0:0: [sda] Assuming drive cache: write through
[   10.004304]  sda: sda1
[   10.013659] sd 2:0:0:0: [sda] Attached SCSI disk
Begin: Loading essential drivers ... [   13.387413] md: linear personality registered for level -1
[   13.404140] md: multipath personality registered for level -4
[   13.416980] md: raid0 personality registered for level 0
[   13.437973] md: raid1 personality registered for level 1
[   13.515404] raid6: sse2x1   gen()  7567 MB/s
[   13.587305] raid6: sse2x1   xor()  5647 MB/s
[   13.664076] raid6: sse2x2   gen()  8459 MB/s
[   13.735424] raid6: sse2x2   xor()  4992 MB/s
[   13.815632] raid6: sse2x4   gen()  7579 MB/s
[   13.895315] raid6: sse2x4   xor()  5136 MB/s
[   13.984078] raid6: avx2x1   gen() 11646 MB/s
[   14.064008] raid6: avx2x2   gen() 14735 MB/s
[   14.135398] raid6: avx2x4   gen() 14668 MB/s
[   14.143510] raid6: using algorithm avx2x2 gen() 14735 MB/s
[   14.152987] raid6: using avx2x2 recovery algorithm
[   14.167801] xor: automatically using best checksumming function:
[   14.215248]    avx       : 15653.000 MB/sec
[   14.230025] async_tx: api initialized (async)
[   14.278467] md: raid6 personality registered for level 6
[   14.287740] md: raid5 personality registered for level 5
[   14.297131] md: raid4 personality registered for level 4
[   14.340111] md: raid10 personality registered for level 10
done.
Begin: Running /scripts/init-premount ... done.
Begin: Mounting root file system ... Begin: Running /scripts/local-top ... done.
Begin: Running /scripts/local-premount ... [   14.438907] Btrfs loaded
Scanning for Btrfs filesystems
done.
Warning: fsck not present, so skipping root file system
[   14.517976] EXT4-fs (sda1): mounted filesystem with ordered data mode. Opts: (null)
done.
Begin: Running /scripts/local-bottom ... done.
Begin: Running /scripts/init-bottom ... done.
[   14.699850] systemd[1]: systemd 229 running in system mode. (+PAM +AUDIT +SELINUX +IMA +APPARMOR +SMACK +SYSVINIT +UTMP +LIBCRYPTSETUP +GCRYPT +GNUTLS +ACL +XZ -LZ4 +SECCOMP +BLKID +ELFUTILS +KMOD -IDN)
[   14.728543] systemd[1]: Detected virtualization oracle.
[   14.737749] systemd[1]: Detected architecture x86-64.

Welcome to [1mUbuntu 16.04.7 LTS[0m!

[   14.762328] systemd[1]: Set hostname to <ubuntu>.
[   14.774329] systemd[1]: Initializing machine ID from random generator.
[   14.785259] systemd[1]: Installed transient /etc/machine-id file.
[   15.041254] systemd[1]: Reached target System Time Synchronized.
[[0;32m  OK  [0m] Reached target System Time Synchronized.
[   15.061554] systemd[1]: Listening on udev Kernel Socket.
[[0;32m  OK  [0m] Listening on udev Kernel Socket.
[   15.078168] systemd[1]: Started Trigger resolvconf update for networkd DNS.
[[0;32m  OK  [0m] Started Trigger resolvconf update for networkd DNS.
[   15.106093] systemd[1]: Listening on /dev/initctl Compatibility Named Pipe.
[[0;32m  OK  [0m] Listening on /dev/initctl Compatibility Named Pipe.
[   15.126412] systemd[1]: Reached target Encrypted Volumes.
[[0;32m  OK  [0m] Reached target Encrypted Volumes.
[   15.143080] systemd[1]: Reached target User and Group Name Lookups.
[[0;32m  OK  [0m] Reached target User and Group Name Lookups.
[   15.161810] systemd[1]: Reached target Swap.
[[0;32m  OK  [0m] Reached target Swap.
[   15.172943] systemd[1]: Listening on udev Control Socket.
[[0;32m  OK  [0m] Listening on udev Control Socket.
[   15.188689] systemd[1]: Listening on LVM2 metadata daemon socket.
[[0;32m  OK  [0m] Listening on LVM2 metadata daemon socket.
[   15.207067] systemd[1]: Created slice System Slice.
[[0;32m  OK  [0m] Created slice System Slice.
[   15.222848] systemd[1]: Created slice system-serial\x2dgetty.slice.
[[0;32m  OK  [0m] Created slice system-serial\x2dgetty.slice.
[   15.240956] systemd[1]: Listening on Journal Socket (/dev/log).
[[0;32m  OK  [0m] Listening on Journal Socket (/dev/log).
[   15.257637] systemd[1]: Started Forward Password Requests to Wall Directory Watch.
[[0;32m  OK  [0m] Started Forward Password Requests to Wall Directory Watch.
[   15.282159] systemd[1]: Set up automount Arbitrary Executable File Formats File System Automount Point.
[[0;32m  OK  [0m] Set up automount Arbitrary Executab...ats File System Automount Point.
[   15.308090] systemd[1]: Listening on Device-mapper event daemon FIFOs.
[[0;32m  OK  [0m] Listening on Device-mapper event daemon FIFOs.
[   15.330136] systemd[1]: Listening on Syslog Socket.
[[0;32m  OK  [0m] Listening on Syslog Socket.
[   15.344762] systemd[1]: Listening on Journal Audit Socket.
[[0;32m  OK  [0m] Listening on Journal Audit Socket.
[   15.360901] systemd[1]: Created slice User and Session Slice.
[[0;32m  OK  [0m] Created slice User and Session Slice.
[   15.377563] systemd[1]: Reached target Slices.
[[0;32m  OK  [0m] Reached target Slices.
[   15.390560] systemd[1]: Listening on LVM2 poll daemon socket.
[[0;32m  OK  [0m] Listening on LVM2 poll daemon socket.
[   15.406853] systemd[1]: Listening on Journal Socket.
[[0;32m  OK  [0m] Listening on Journal Socket.
[   15.431674] systemd[1]: Mounting Debug File System...
         Mounting Debug File System...
[   15.455783] systemd[1]: Mounting Huge Pages File System...
         Mounting Huge Pages File System...
[   15.470572] systemd[1]: Mounting POSIX Message Queue File System...
         Mounting POSIX Message Queue File System...
[   15.486648] systemd[1]: Starting Create list of required static device nodes for the current kernel...
         Starting Create list of required st... nodes for the current kernel...
[   15.512270] systemd[1]: Starting Set console keymap...
[   15.513316] random: nonblocking pool is initialized
         Starting Set console keymap...
[   15.538511] systemd[1]: Starting Remount Root and Kernel File Systems...
[   15.545647] EXT4-fs (sda1): re-mounted. Opts: (null)
         Starting Remount Root and Kernel File Systems...
[   15.568814] systemd[1]: Starting Load Kernel Modules...
         Starting Load Kernel Modules...
[   15.585563] systemd[1]: Starting Uncomplicated firewall...
[   15.597101] Loading iSCSI transport class v2.0-870.
         Starting Uncomplicated firewall...
[   15.611263] systemd[1]: Starting Nameserver information manager...
         Starting Nameserver information manager...
[   15.633357] systemd[1]: Starting Journal Service...
         Starting Journal Service...[   15.649281] iscsi: registered transport (tcp)

[   15.656882] systemd[1]: Starting Monitoring of LVM2 mirrors, snapshots etc. using dmeventd or progress polling...
         Starting Monitoring of LVM2 mirrors... dmeventd or progress polling...
[   15.701412] systemd[1]: Mounted Huge Pages File System.
[[0;32m  OK  [0m] Mounted Huge Pages File System.
[   15.723975] systemd[1]: Mounted POSIX Message Queue File System.
[[0;32m  OK  [0m] Mounted POSIX Message Queue File System.
[   15.742741] systemd[1]: Mounted Debug File System.
[[0;32m  OK  [0m] Mounted Debug File System.
[   15.760519] systemd[1]: Started Journal Service.
[[0;32m  OK  [0m] Started Journal Service.
[[0;32m  OK  [0m] Started Create list of required sta...ce nodes for the current kernel.
[[0;32m  OK  [0m] Started Set console keymap.
[[0;32m  OK  [0m] Started Remount Root and Kernel File Systems.
[[0;32m  OK  [0m] Started Uncomplicated firewall.
[[0;32m  OK  [0m] Started Nameserver information manager.
[   15.838505] iscsi: registered transport (iser)
[[0;32m  OK  [0m] Started LVM2 metadata daemon.
         Starting Load/Save Random Seed...
         Starting udev Coldplug all Devices...
         Starting Create Static Device Nodes in /dev...
         Starting Flush Journal to Persistent Storage...
[[0;32m  OK  [0m] Started Load Kernel Modules.
[[0;32m  OK  [0m] Started Load/Save Random Seed.
[[0;32m  OK  [0m] Started Create Static Device Nodes in /dev.
         Starting udev Kernel Device Manager...
         Mounting FUSE Control File System...
         Starting Apply Kernel Variables...
[[0;32m  OK  [0m] Mounted FUSE Control File System.
[[0;32m  OK  [0m] Started udev Coldplug all Devices.
[[0;32m  OK  [0m] Started Apply Kernel Variables.
[[0;32m  OK  [0m] Started Flush Journal to Persistent Storage.
[[0;32m  OK  [0m] Started udev Kernel Device Manager.
[[0;32m  OK  [0m] Started Dispatch Password Requests to Console Directory Watch.
[[0;32m  OK  [0m] Started Monitoring of LVM2 mirrors,...ng dmeventd or progress polling.
[[0;32m  OK  [0m] Reached target Local File Systems (Pre).
[[0;32m  OK  [0m] Reached target Local File Systems.
         Starting Initial cloud-init job (pre-networking)...
         Starting LSB: AppArmor initialization...
         Starting Set console font and keymap...
         Starting Tell Plymouth To Write Out Runtime Data...
         Starting Create Volatile Files and Directories...
         Starting Commit a transient machine-id on disk...
[[0;32m  OK  [0m] Started Create Volatile Files and Directories.
[[0;32m  OK  [0m] Started Tell Plymouth To Write Out Runtime Data.
         Starting Update UTMP about System Boot/Shutdown...
[[0;32m  OK  [0m] Started Commit a transient machine-id on disk.
[[0;32m  OK  [0m] Started Update UTMP about System Boot/Shutdown.
[[0;32m  OK  [0m] Found device /dev/ttyS0.
[[0;32m  OK  [0m] Listening on Load/Save RF Kill Switch Status /dev/rfkill Watch.
[   16.451485] cloud-init[503]: Cloud-init v. 20.2-45-g5f7825e2-0ubuntu1~16.04.1 running 'init-local' at Wed, 26 Aug 2020 19:27:53 +0000. Up 15.81 seconds.
[[0;32m  OK  [0m] Started LSB: AppArmor initialization.
         Starting Load AppArmor profiles managed internally by snapd...
[[0;32m  OK  [0m] Started Initial cloud-init job (pre-networking).
[[0;32m  OK  [0m] Started Load AppArmor profiles managed internally by snapd.
[[0;32m  OK  [0m] Reached target Network (Pre).
         Starting Raise network interfaces...
[[0;32m  OK  [0m] Started Set console font and keymap.
[[0;32m  OK  [0m] Created slice system-getty.slice.
[[0;32m  OK  [0m] Started Raise network interfaces.
[[0;32m  OK  [0m] Reached target Network.
         Starting Initial cloud-init job (metadata service crawler)...
[   23.647374] cloud-init[964]: Cloud-init v. 20.2-45-g5f7825e2-0ubuntu1~16.04.1 running 'init' at Wed, 26 Aug 2020 19:28:00 +0000. Up 22.44 seconds.
[   23.664206] cloud-init[964]: ci-info: ++++++++++++++++++++++++++++++++++++++Net device info+++++++++++++++++++++++++++++++++++++++
[   23.677819] cloud-init[964]: ci-info: +--------+-------+----------------------------+---------------+--------+-------------------+
[   23.691412] cloud-init[964]: ci-info: | Device |   Up  |          Address           |      Mask     | Scope  |     Hw-Address    |
[   23.704739] cloud-init[964]: ci-info: +--------+-------+----------------------------+---------------+--------+-------------------+
[   23.718364] cloud-init[964]: ci-info: | enp0s3 |  True |         10.0.2.15          | 255.255.255.0 | global | 02:98:c6:81:17:55 |
[   23.731933] cloud-init[964]: ci-info: | enp0s3 |  True | fe80::98:c6ff:fe81:1755/64 |       .       |  link  | 02:98:c6:81:17:55 |
[   23.745648] cloud-init[964]: ci-info: | enp0s8 | False |             .              |       .       |   .    | 08:00:27:e8:e2:08 |
[   23.758283] cloud-init[964]: ci-info: |   lo   |  True |         127.0.0.1          |   255.0.0.0   |  host  |         .         |
[   23.773715] cloud-init[964]: ci-info: |   lo   |  True |          ::1/128           |       .       |  host  |         .         |
[   23.795685] cloud-init[964]: ci-info: +--------+-------+----------------------------+---------------+--------+-------------------+
[   23.810654] cloud-init[964]: ci-info: +++++++++++++++++++++++++++Route IPv4 info++++++++++++++++++++++++++++
[   23.826016] [[0;32m  OK  [0m] Started Initial cloud-init job (metadata service crawler).
[[0;32m  OK  [0m] Reached target Network is Online.
cloud-init[964]: ci-info: +-------+-------------+----------+---------------+-----------+-------+
[   23.850125] cloud-init         Starting iSCSI initiator daemon (iscsid)...
[[0;32m  OK  [0m] Reached target Cloud-config availability.
[[0;32m  OK  [0m] Reached target System Initialization.
[[0;32m  OK  [0m] Started Daily Cleanup of Temporary Directories.
[[0;32m  OK  [0m] Started Message of the Day.
[[0;32m  OK  [0m] Listening on UUID daemon activation socket.
[964]: [[0;32m  OK  [0m] Listening on ACPID Listen Socket.
[[0;32m  OK  [0m] Started Daily apt download activities.
         Starting Socket activation for snappy daemon.
[[0;32m  OK  [0m] Listening on D-Bus System Message Bus Socket.
[[0;32m  OK  [0m] Started Daily apt upgrade and clean activities.
[[0;32m  OK  [0m] Reached target Timers.
ci-info: | Route | Destination | Gateway  |    Genmask    | Interface | Flags |
[   23.923687] cloud-init[964]: ci-info: +-------+-------------+----------+---------------+-----------+-------+
[   23.925195] cloud-init[964]: ci-info: |   0   |   0.0.0.0   | 10.0.2.2 |    0.0.0.0    |   enp0s3  |   UG  |
[   23.936363] cloud-init[964]: ci-info: |   1   |   10.0.2.0  | 0.0.0.0  | 255.255.255.0 |   enp0s3  |   U   |
[   23.939803] cloud-init[964]: ci-info: +-------+-------------+----------+---------------+-----------+-------+
[   23.954590] cloud-init[964]: ci-info: +++++++++++++++++++Route IPv6 info+++++++++++++++++++
[   23.954648] cloud-init[964]: ci-info: +-------+-------------+---------+-----------+-------+
[   23.972154] cloud-init[964]: ci-info: | Route | Destination | Gateway | Interface | Flags |
[   23.977092] cloud-init[964]: ci-info: +-------+-------------+---------+-----------+-------+
[   23.985201] cloud-init[964]: ci-info: |   0   |  fe80::/64  |    ::   |   enp0s3  |   U   |
[   23.994373] cloud-init[964]: ci-info: |   3   |   ff00::/8  |    ::   |   enp0s3  |   U   |
[   23.995354] cloud-init[964]: ci-info: +-------+-------------+---------+-----------+-------+
[   24.010549] cloud-init[964]: Generating public/private rsa key pair.
[   24.016974] cloud-init[964]: Your identification has been saved in /etc/ssh/ssh_host_rsa_key.
[   24.017028] cloud-init[964]: Your public key has been saved in /etc/ssh/ssh_host_rsa_key.pub.
[   24.037948] cloud-init[964]: The key fingerprint is:
[   24.038211] cloud-init[964]: SHA256:w7+MLLyZURQU2XKVCyN81jHyWohsbCMYodWRrd89yjU root@ubuntu-xenial
[   24.045089] cloud-init[964]: The key's randomart image is:
[   24.045138] cloud-init[964]: +---[RSA 2048]----+
[   24.045182] cloud-init[964]: |    +o.*++.o+o   |
[   24.051762] cloud-init[964]: |   o ooo*oB+o.   |
[   24.069760] cloud-init[964]: |  . . ..O*.oo.   |
[   24.069833] cloud-init[964]: |      .* . o.    |
[   24.072364] cloud-init[964]: |       .S...     |
[   24.072583] cloud-init[964]: |       ..o. E    |
[   24.087778] cloud-init[964]: |     ..  ..o o   |
[   24.088002] cloud-init[964]: |      o= oo.     |
[   24.088045] cloud-init[964]: |      +oo o      |
[   24.088088] cloud-init[964]: +----[SHA256]-----+
[   24.088129] cloud-init[964]: Generating public/private dsa key pair.
[   24.111514] cloud-init[964]: Your identification has been saved in /etc/ssh/ssh_host_dsa_key.
[   24.111598] cloud-init[964]: Your public key has been saved in /etc/ssh/ssh_host_dsa_key.pub.
[   24.111659] cloud-init[964]: The key fingerprint is:
[   24.115468] cloud-init[964]: SHA256:+J6k1Z8HfHtkg2ZICZ27Mrik7cf39mxTGH022AU5514 root@ubuntu-xenial
[   24.117869] cloud-init[964]: The key's randomart image is:
[   24.117934] cloud-init[964]: +---[DSA 1024]----+
[   24.119157] cloud-init[964]: |          . . .o |
[   24.121645] cloud-init[964]: |         . o  o o|
[   24.122854] cloud-init[964]: |          . o o=.|
[   24.123963] cloud-init[964]: |       .   + ..oE|
[   24.125253] cloud-init[964]: |      . S ..o .=+|
[   24.127698] cloud-init[964]: |       + + oo+o.=|
[   24.130129] cloud-init[964]: |      + * + oo +o|
[   24.131409] cloud-init[964]: |     . B + o o+o.|
[   24.133909] cloud-init[964]: |      o.+ . =oo+.|
[   24.135124] cloud-init[964]: +----[SHA256]-----+
[   24.137596] cloud-init[964]: Generating public/private ecdsa key pair.
[   24.138818] cloud-init[964]: Your identification has been saved in /etc/ssh/ssh_host_ecdsa_key.
[   24.140027] cloud-init[964]: Your public key has been saved in /etc/ssh/ssh_host_ecdsa_key.pub.
[   24.142513] cloud-init[964]: The key fingerprint is:
[   24.142577] cloud-init[964]: SHA256:DlchOTBXyvP4biQy92TUkUpqqOcYRqi40VqJMhw0kgk root@ubuntu-xenial
[   24.143825] cloud-init[964]: The key's randomart image is:
[   24.146381] cloud-init[964]: +---[ECDSA 256]---+
[   24.147658] cloud-init[964]: |Eo    o.ooo  .   |
[   24.150252] cloud-init[964]: |+o     +oo..o    |
[   24.151500] cloud-init[964]: |o ..   .++.o .   |
[   24.154066] cloud-init[964]: | .. . . o=o .    |
[   24.155333] cloud-init[964]: |o+.o ...S..      |
[   24.157894] cloud-init[964]: |B.+ + ++o.+      |
[   24.159138] cloud-init[964]: |.* . = +.*.      |
[   24.161618] cloud-init[964]: |o   . .  .o      |
[   24.162907] cloud-init[964]: |         ..      |
[   24.165518] cloud-init[964]: +----[SHA256]-----+
[   24.168049] cloud-init[964]: Generating public/private ed25519 key pair.
[   24.170612] cloud-init[964]: Your identification has been saved in /etc/ssh/ssh_host_ed25519_key.
[   24.171706] cloud-init[964]: Your public key has been saved in /etc/ssh/ssh_host_ed25519_key.pub.
[   24.172994] cloud-init[964]: The key fingerprint is:
[   24.175607] cloud-init[964]: SHA256:iHErSpsnjgU8JUKodIMXpgHS276V4qHbwuR4c+lTBbU root@ubuntu-xenial
[   24.178166] cloud-init[964]: The key's randomart image is:
[   24.179434] cloud-init[964]: +--[ED25519 256]--+
[   24.182001] cloud-init[964]: |=+.o.  ..        |
[   24.183216] cloud-init[964]: |+o=+  .  .       |
[   24.186164] cloud-init[964]: |+oo+o ..E        |
[   24.186996] cloud-init[964]: |+ + .+ o.        |
[   24.189411] cloud-init[964]: |.o..o ooS        |
[   24.190634] cloud-init[964]: | oo++.+          |
[   24.191903] cloud-init[964]: | =*o.B           |
[   24.194408] cloud-init[964]: |.+B+*            |
[   24.195499] cloud-init[964]: |..o*o.           |
[   24.197950] cloud-init[964]: +----[SHA256]-----+
[[0;32m  OK  [0m] Started ACPI Events Check.
[[0;32m  OK  [0m] Reached target Paths.
         Starting LXD - unix socket.
[[0;32m  OK  [0m] Listening on Socket activation for snappy daemon.
[[0;32m  OK  [0m] Listening on LXD - unix socket.
[[0;32m  OK  [0m] Started iSCSI initiator daemon (iscsid).
         Starting Login to default iSCSI targets...
[[0;32m  OK  [0m] Reached target Sockets.
[[0;32m  OK  [0m] Reached target Basic System.
         Starting Login Service...
[[0;32m  OK  [0m] Started Regular background program processing daemon.
[[0;32m  OK  [0m] Started ACPI event daemon.
[[0;32m  OK  [0m] Started Deferred execution scheduler.
         Starting Virtualbox guest utils...
[[0;32m  OK  [0m] Started D-Bus System Message Bus.
         Starting LSB: MD monitoring daemon...
         Starting LXD - container startup/shutdown...
         Starting Accounts Service...
         Starting Pollinate to seed the pseudo random number generator...
         Starting System Logging Service...
[[0;32m  OK  [0m] Started FUSE filesystem for LXC.
         Starting LSB: Record successful boot for GRUB...
         Starting /etc/rc.local Compatibility...
         Starting Snap Daemon...
[[0;32m  OK  [0m] Started System Logging Service.
[[0;32m  OK  [0m] Started /etc/rc.local Compatibility.
[[0;32m  OK  [0m] Started Login Service.
[[0;32m  OK  [0m] Started Unattended Upgrades Shutdown.
         Starting Authenticate and Authorize Users to Run Privileged Tasks...
[[0;32m  OK  [0m] Started Login to default iSCSI targets.
[[0;32m  OK  [0m] Reached target Remote File Systems (Pre).
[[0;32m  OK  [0m] Reached target Remote File Systems.
         Starting Permit User Sessions...
         Starting LSB: Set the CPU Frequency Scaling governor to "ondemand"...
         Starting LSB: automatic crash report generation...
         Starting LSB: daemon to balance interrupts for SMP systems...
[[0;32m  OK  [0m] Started LSB: MD monitoring daemon.
[[0;32m  OK  [0m] Started LSB: Record successful boot for GRUB.
[[0;32m  OK  [0m] Started Permit User Sessions.
         Starting Hold until boot process finishes up...
         Starting Terminate Plymouth Boot Screen...
[[0;32m  OK  [0m] Started LXD - container startup/shutdown.
[[0;32m  OK  [0m] Started Terminate Plymouth Boot Screen.
[[0;32m  OK  [0m] Started Hold until boot process finishes up.
[[0;32m  OK  [0m] Started Authenticate and Authorize Users to Run Privileged Tasks.
[[0;32m  OK  [0m] Started Accounts Service.
         Starting Set console scheme...
[[0;32m  OK  [0m] Started Serial Getty on ttyS0.
[[0;32m  OK  [0m] Started Getty on tty1.
[[0;32m  OK  [0m] Reached target Login Prompts.
[[0;32m  OK  [0m] Started Set console scheme.
[[0;32m  OK  [0m] Started LSB: Set the CPU Frequency Scaling governor to "ondemand".
[[0;32m  OK  [0m] Started Virtualbox guest utils.
[[0;32m  OK  [0m] Started LSB: automatic crash report generation.
[[0;32m  OK  [0m] Started LSB: daemon to balance interrupts for SMP systems.
[[0;32m  OK  [0m] Started Pollinate to seed the pseudo random number generator.
[[0;32m  OK  [0m] Started Snap Daemon.
         Starting Wait until snapd is fully seeded...
         Starting OpenBSD Secure Shell server...
[[0;32m  OK  [0m] Started OpenBSD Secure Shell server.
[[0;32m  OK  [0m] Created slice User Slice of vagrant.
         Starting User Manager for UID 1000...
[[0;32m  OK  [0m] Started Session 1 of user vagrant.
[[0;32m  OK  [0m] Started User Manager for UID 1000.
[[0;32m  OK  [0m] Started Wait until snapd is fully seeded.
         Starting Apply the settings specified in cloud-config...
[[0;32m  OK  [0m] Reached target Multi-User System.
[[0;32m  OK  [0m] Reached target Graphical Interface.
         Starting Update UTMP about System Runlevel Changes...
[[0;32m  OK  [0m] Started Update UTMP about System Runlevel Changes.
[   27.368685] cloud-init[1376]: Generating locales (this might take a while)...
[   28.711552] cloud-init[1376]:   en_US.UTF-8... done
[   28.717892] cloud-init[1376]: Generation complete.
[   29.246242] cloud-init[1376]: Cloud-init v. 20.2-45-g5f7825e2-0ubuntu1~16.04.1 running 'modules:config' at Wed, 26 Aug 2020 19:28:05 +0000. Up 27.21 seconds.
[[0;32m  OK  [0m] Started Apply the settings specified in cloud-config.
         Starting Execute cloud user/final scripts...
         Starting Hostname Service...
[[0;32m  OK  [0m] Started Hostname Service.
ci-info: no authorized SSH keys fingerprints found for user ubuntu.
<14>Aug 26 19:28:07 ec2: 
<14>Aug 26 19:28:07 ec2: #############################################################
<14>Aug 26 19:28:07 ec2: -----BEGIN SSH HOST KEY FINGERPRINTS-----
<14>Aug 26 19:28:07 ec2: 1024 SHA256:+J6k1Z8HfHtkg2ZICZ27Mrik7cf39mxTGH022AU5514 root@ubuntu-xenial (DSA)
<14>Aug 26 19:28:07 ec2: 256 SHA256:DlchOTBXyvP4biQy92TUkUpqqOcYRqi40VqJMhw0kgk root@ubuntu-xenial (ECDSA)
<14>Aug 26 19:28:07 ec2: 256 SHA256:iHErSpsnjgU8JUKodIMXpgHS276V4qHbwuR4c+lTBbU root@ubuntu-xenial (ED25519)
<14>Aug 26 19:28:07 ec2: 2048 SHA256:w7+MLLyZURQU2XKVCyN81jHyWohsbCMYodWRrd89yjU root@ubuntu-xenial (RSA)
<14>Aug 26 19:28:07 ec2: -----END SSH HOST KEY FINGERPRINTS-----
<14>Aug 26 19:28:07 ec2: #############################################################
-----BEGIN SSH HOST KEY KEYS-----
ecdsa-sha2-nistp256 AAAAE2VjZHNhLXNoYTItbmlzdHAyNTYAAAAIbmlzdHAyNTYAAABBBNwfnK5cRBrM+3WrhIs0mBzGebNP+Ny2y39rQ/62wsQNIDDZZiDXk2caDjUK9to6n/eTYrzK6wGoGK9zAtZvX6w= root@ubuntu-xenial
ssh-ed25519 AAAAC3NzaC1lZDI1NTE5AAAAIJjrvOCahC/1wnflJ7jNVlg90LLckkTitINbzTqFcA6L root@ubuntu-xenial
ssh-rsa AAAAB3NzaC1yc2EAAAADAQABAAABAQDj657olLFKc1jZnsco9ZY6FNZGz8DqYBOqHNjy89QNVfscrutcJMeO0/uBQSDYFzsSvSJUp1gKwBEmXMms4903mUHVEIeUTpnijUeo/pWd0BVh9+nSXUvCceteowH/I1tLPfyWuFsR3Ljf+ubTeSm1oPQDpkjzDbE3GE5jv24clwadDQmotd+Pd46d+TZCzj0BgFDkAGFkVwq1inw9pB0efK7D/2cSCWrLbhmYQKj0witXAbzk6Xob2jdjeiAFYyMFqXgud1HdIHY6wHSYmaah8jjCVL+dsA6iUo4mtAoqUkzL0URGei/t0cGKp7MneMTsGsa2dAx/GU9M/ouYgZNx root@ubuntu-xenial
-----END SSH HOST KEY KEYS-----
[   30.253172] cloud-init[1497]: Cloud-init v. 20.2-45-g5f7825e2-0ubuntu1~16.04.1 running 'modules:final' at Wed, 26 Aug 2020 19:28:07 +0000. Up 29.82 seconds.
[   30.273303] cloud-init[1497]: ci-info: no authorized SSH keys fingerprints found for user ubuntu.
[   30.288123] cloud-init[1497]: Cloud-init v. 20.2-45-g5f7825e2-0ubuntu1~16.04.1 finished at Wed, 26 Aug 2020 19:28:07 +0000. Datasource DataSourceNoCloud [seed=/dev/sdb][dsmode=net].  Up 30.18 seconds

Ubuntu 16.04.7 LTS k8s-master ttyS0

k8s-master login: 